<?xml version="1.0" encoding="UTF-8"?>
<!-- Generated by org.testng.reporters.JUnitXMLReporter -->
<testsuite hostname="del1-lhp-n01868" ignored="0" name="Default test" tests="2" failures="0" timestamp="03 Jun 2020 16:21:21 GMT" time="26.332" errors="0">
  <testcase name="incorrectPassword" time="13.934" classname="com.herokuapp.theinternet.NegativeTests"/>
  <testcase name="incorrectUsername" time="12.382" classname="com.herokuapp.theinternet.NegativeTests"/>
</testsuite> <!-- Default test -->
