<?xml version="1.0" encoding="UTF-8"?>
<!-- Generated by org.testng.reporters.JUnitXMLReporter -->
<testsuite hostname="del1-lhp-n01868" ignored="1" name="NegativeLogInTest" tests="1" failures="0" timestamp="15 Jun 2020 14:29:42 GMT" time="21.2" errors="0">
  <testcase name="negativeLoginTest" time="5.968" classname="com.herokuapp.theinternet.loginpagetests.LoginPageTests"/>
  <testcase name="positiveLoginTest" time="0.0" classname="com.herokuapp.theinternet.loginpagetests.LoginPageTests">
    <ignored/>
  </testcase> <!-- positiveLoginTest -->
</testsuite> <!-- NegativeLogInTest -->
