<?xml version="1.0" encoding="UTF-8"?>
<!-- Generated by org.testng.reporters.JUnitXMLReporter -->
<testsuite hostname="del1-lhp-n01868" ignored="1" name="NegativePasswordTests" tests="1" failures="0" timestamp="12 Jun 2020 13:22:39 GMT" time="40.91" errors="0">
  <testcase name="negativeLoginTest" time="12.92" classname="com.herokuapp.theinternet.loginpagetests.LoginPageTests"/>
  <testcase name="positiveLoginTest" time="0.0" classname="com.herokuapp.theinternet.loginpagetests.LoginPageTests">
    <ignored/>
  </testcase> <!-- positiveLoginTest -->
</testsuite> <!-- NegativePasswordTests -->
