<?xml version="1.0" encoding="UTF-8"?>
<!-- Generated by org.testng.reporters.JUnitXMLReporter -->
<testsuite hostname="del1-lhp-n01868" ignored="1" name="KeyPressesTests-CH" tests="1" failures="0" timestamp="15 Jun 2020 11:16:08 GMT" time="26.992" errors="0">
  <testcase name="pressKeyWithActionsTest" time="14.931" classname="com.herokuapp.theinternet.keypressestests.KeyPressesTests"/>
  <testcase name="pressKeyTest" time="0.0" classname="com.herokuapp.theinternet.keypressestests.KeyPressesTests">
    <ignored/>
  </testcase> <!-- pressKeyTest -->
</testsuite> <!-- KeyPressesTests-CH -->
