<?xml version="1.0" encoding="UTF-8"?>
<!-- Generated by org.testng.reporters.JUnitXMLReporter -->
<testsuite hostname="del1-lhp-n01868" ignored="0" name="AlertsTests" tests="3" failures="0" timestamp="15 Jun 2020 10:56:58 GMT" time="91.296" errors="0">
  <testcase name="jsAlertTest" time="9.538" classname="com.herokuapp.theinternet.alertstests.AlertsTests"/>
  <testcase name="jsDismissTest" time="37.308" classname="com.herokuapp.theinternet.alertstests.AlertsTests"/>
  <testcase name="jsPromptTest" time="9.591" classname="com.herokuapp.theinternet.alertstests.AlertsTests"/>
</testsuite> <!-- AlertsTests -->
