<?xml version="1.0" encoding="UTF-8"?>
<!-- Generated by org.testng.reporters.JUnitXMLReporter -->
<testsuite hostname="del1-lhp-n01868" ignored="1" name="NegativeUsernameTests" tests="1" failures="0" timestamp="04 Jun 2020 16:32:42 GMT" time="12.641" errors="0">
  <testcase name="negativeLoginTest" time="3.276" classname="com.herokuapp.theinternet.LoginTests"/>
  <testcase name="positiveLoginTest" time="0.0" classname="com.herokuapp.theinternet.LoginTests">
    <ignored/>
  </testcase> <!-- positiveLoginTest -->
</testsuite> <!-- NegativeUsernameTests -->
