<?xml version="1.0" encoding="UTF-8"?>
<!-- Generated by org.testng.reporters.JUnitXMLReporter -->
<testsuite hostname="del1-lhp-n01868" ignored="1" name="NegativePasswordTests" tests="1" failures="0" timestamp="04 Jun 2020 16:32:55 GMT" time="13.24" errors="0">
  <testcase name="negativeLoginTest" time="3.73" classname="com.herokuapp.theinternet.LoginTests"/>
  <testcase name="positiveLoginTest" time="0.0" classname="com.herokuapp.theinternet.LoginTests">
    <ignored/>
  </testcase> <!-- positiveLoginTest -->
</testsuite> <!-- NegativePasswordTests -->
