<?xml version="1.0" encoding="UTF-8"?>
<!-- Generated by org.testng.reporters.JUnitXMLReporter -->
<testsuite hostname="del1-lhp-n01868" ignored="0" name="NegativeTests" tests="2" failures="0" timestamp="04 Jun 2020 11:29:07 GMT" time="26.939" errors="0">
  <testcase name="incorrectPassword" time="13.186" classname="com.herokuapp.theinternet.NegativeTests"/>
  <testcase name="incorrectUsername" time="13.75" classname="com.herokuapp.theinternet.NegativeTests"/>
</testsuite> <!-- NegativeTests -->
