<?xml version="1.0" encoding="UTF-8"?>
<!-- Generated by org.testng.reporters.JUnitXMLReporter -->
<testsuite hostname="del1-lhp-n01868" ignored="0" name="NegativeTests" tests="2" failures="0" timestamp="04 Jun 2020 11:34:04 GMT" time="30.075" errors="0">
  <testcase name="incorrectPassword" time="14.043" classname="com.herokuapp.theinternet.NegativeTests"/>
  <testcase name="incorrectUsername" time="16.032" classname="com.herokuapp.theinternet.NegativeTests"/>
</testsuite> <!-- NegativeTests -->
